INFO:root:Starting to parse packets
INFO:root:It took 5.82485556602478 to parse the packets
INFO:root:It took 0.6954119205474854 to update the filterlist
INFO:root:Starting to check for cloaking
INFO:filelock:Lock 2014455670192 acquired on C:\Users\Nate Mendes\PycharmProjects\WAS_Blog\venv\lib\site-packages\tldextract\.suffix_cache/publicsuffix.org-tlds\de84b5ca2167d4c83e38fb162f2e8738.tldextract.json.lock
INFO:filelock:Lock 2014477025040 acquired on C:\Users\Nate Mendes\PycharmProjects\WAS_Blog\venv\lib\site-packages\tldextract\.suffix_cache/urls\62bf135d1c2f3d4db4228b9ecaf507a2.tldextract.json.lock
INFO:filelock:Lock 2014477025040 released on C:\Users\Nate Mendes\PycharmProjects\WAS_Blog\venv\lib\site-packages\tldextract\.suffix_cache/urls\62bf135d1c2f3d4db4228b9ecaf507a2.tldextract.json.lock
INFO:filelock:Lock 2014455670192 released on C:\Users\Nate Mendes\PycharmProjects\WAS_Blog\venv\lib\site-packages\tldextract\.suffix_cache/publicsuffix.org-tlds\de84b5ca2167d4c83e38fb162f2e8738.tldextract.json.lock
INFO:root:It took 1.4485769271850586 to check for cloaking
INFO:root:Starting check for third-party non-cloaking tracking
INFO:root:It took 7.276542901992798 seconds to check for non-cloaking tracking
INFO:root:Starting check for third-party cloaking tracking
ERROR:root:Packets should have a worker number assigned but it has this 0
ERROR:root:Packets should have a worker number assigned but it has this 0
ERROR:root:Packets should have a worker number assigned but it has this 0
ERROR:root:Packets should have a worker number assigned but it has this 0
ERROR:root:Packets should have a worker number assigned but it has this 0
ERROR:root:Packets should have a worker number assigned but it has this 0
ERROR:root:Packets should have a worker number assigned but it has this 0
ERROR:root:Packets should have a worker number assigned but it has this 0
ERROR:root:Packets should have a worker number assigned but it has this 0
ERROR:root:Packets should have a worker number assigned but it has this 0
ERROR:root:Packets should have a worker number assigned but it has this 0
ERROR:root:Packets should have a worker number assigned but it has this 0
ERROR:root:Packets should have a worker number assigned but it has this 0
ERROR:root:Packets should have a worker number assigned but it has this 0
ERROR:root:Packets should have a worker number assigned but it has this 0
ERROR:root:Packets should have a worker number assigned but it has this 0
ERROR:root:Packets should have a worker number assigned but it has this 0
ERROR:root:Packets should have a worker number assigned but it has this 0
ERROR:root:Packets should have a worker number assigned but it has this 0
ERROR:root:Packets should have a worker number assigned but it has this 0
ERROR:root:Packets should have a worker number assigned but it has this 0
ERROR:root:Packets should have a worker number assigned but it has this 0
ERROR:root:Packets should have a worker number assigned but it has this 0
ERROR:root:Packets should have a worker number assigned but it has this 0
ERROR:root:Packets should have a worker number assigned but it has this 0
ERROR:root:Packets should have a worker number assigned but it has this 0
ERROR:root:Packets should have a worker number assigned but it has this 0
ERROR:root:Packets should have a worker number assigned but it has this 0
ERROR:root:Packets should have a worker number assigned but it has this 0
ERROR:root:Packets should have a worker number assigned but it has this 0
ERROR:root:Packets should have a worker number assigned but it has this 0
ERROR:root:Packets should have a worker number assigned but it has this 0
ERROR:root:Packets should have a worker number assigned but it has this 0
ERROR:root:Packets should have a worker number assigned but it has this 0
ERROR:root:Packets should have a worker number assigned but it has this 0
ERROR:root:Packets should have a worker number assigned but it has this 0
ERROR:root:Packets should have a worker number assigned but it has this 0
ERROR:root:Packets should have a worker number assigned but it has this 0
ERROR:root:Packets should have a worker number assigned but it has this 0
ERROR:root:Packets should have a worker number assigned but it has this 0
ERROR:root:Packets should have a worker number assigned but it has this 0
ERROR:root:Packets should have a worker number assigned but it has this 0
ERROR:root:Packets should have a worker number assigned but it has this 0
ERROR:root:Packets should have a worker number assigned but it has this 0
ERROR:root:Packets should have a worker number assigned but it has this 0
ERROR:root:Packets should have a worker number assigned but it has this 0
ERROR:root:Packets should have a worker number assigned but it has this 0
ERROR:root:Packets should have a worker number assigned but it has this 0
ERROR:root:Packets should have a worker number assigned but it has this 0
ERROR:root:Packets should have a worker number assigned but it has this 0
ERROR:root:Packets should have a worker number assigned but it has this 0
ERROR:root:Packets should have a worker number assigned but it has this 0
ERROR:root:Packets should have a worker number assigned but it has this 0
ERROR:root:Packets should have a worker number assigned but it has this 0
ERROR:root:Packets should have a worker number assigned but it has this 0
ERROR:root:Packets should have a worker number assigned but it has this 0
ERROR:root:Packets should have a worker number assigned but it has this 0
ERROR:root:Packets should have a worker number assigned but it has this 0
ERROR:root:Packets should have a worker number assigned but it has this 0
ERROR:root:Packets should have a worker number assigned but it has this 0
ERROR:root:Packets should have a worker number assigned but it has this 0
ERROR:root:Packets should have a worker number assigned but it has this 0
ERROR:root:Packets should have a worker number assigned but it has this 0
ERROR:root:Packets should have a worker number assigned but it has this 0
ERROR:root:Packets should have a worker number assigned but it has this 0
ERROR:root:Packets should have a worker number assigned but it has this 0
ERROR:root:Packets should have a worker number assigned but it has this 0
ERROR:root:Packets should have a worker number assigned but it has this 0
ERROR:root:Packets should have a worker number assigned but it has this 0
ERROR:root:Packets should have a worker number assigned but it has this 0
ERROR:root:Packets should have a worker number assigned but it has this 0
ERROR:root:Packets should have a worker number assigned but it has this 0
ERROR:root:Packets should have a worker number assigned but it has this 0
ERROR:root:Packets should have a worker number assigned but it has this 0
ERROR:root:Packets should have a worker number assigned but it has this 0
ERROR:root:Packets should have a worker number assigned but it has this 0
ERROR:root:Packets should have a worker number assigned but it has this 0
ERROR:root:Packets should have a worker number assigned but it has this 0
ERROR:root:Packets should have a worker number assigned but it has this 0
ERROR:root:Packets should have a worker number assigned but it has this 0
ERROR:root:Packets should have a worker number assigned but it has this 0
ERROR:root:Packets should have a worker number assigned but it has this 0
ERROR:root:Packets should have a worker number assigned but it has this 0
ERROR:root:Packets should have a worker number assigned but it has this 0
ERROR:root:Packets should have a worker number assigned but it has this 0
ERROR:root:Packets should have a worker number assigned but it has this 0
ERROR:root:Packets should have a worker number assigned but it has this 0
ERROR:root:Packets should have a worker number assigned but it has this 0
ERROR:root:Packets should have a worker number assigned but it has this 0
ERROR:root:Packets should have a worker number assigned but it has this 0
ERROR:root:Packets should have a worker number assigned but it has this 0
ERROR:root:Packets should have a worker number assigned but it has this 0
ERROR:root:Packets should have a worker number assigned but it has this 0
ERROR:root:Packets should have a worker number assigned but it has this 0
ERROR:root:Packets should have a worker number assigned but it has this 0
ERROR:root:Packets should have a worker number assigned but it has this 0
ERROR:root:Packets should have a worker number assigned but it has this 0
ERROR:root:Packets should have a worker number assigned but it has this 0
ERROR:root:Packets should have a worker number assigned but it has this 0
ERROR:root:Packets should have a worker number assigned but it has this 0
ERROR:root:Packets should have a worker number assigned but it has this 0
ERROR:root:Packets should have a worker number assigned but it has this 0
ERROR:root:Packets should have a worker number assigned but it has this 0
ERROR:root:Packets should have a worker number assigned but it has this 0
ERROR:root:Packets should have a worker number assigned but it has this 0
ERROR:root:Packets should have a worker number assigned but it has this 0
ERROR:root:Packets should have a worker number assigned but it has this 0
ERROR:root:Packets should have a worker number assigned but it has this 0
ERROR:root:Packets should have a worker number assigned but it has this 0
ERROR:root:Packets should have a worker number assigned but it has this 0
ERROR:root:Packets should have a worker number assigned but it has this 0
ERROR:root:Packets should have a worker number assigned but it has this 0
ERROR:root:Packets should have a worker number assigned but it has this 0
ERROR:root:Packets should have a worker number assigned but it has this 0
ERROR:root:Packets should have a worker number assigned but it has this 0
ERROR:root:Packets should have a worker number assigned but it has this 0
ERROR:root:Packets should have a worker number assigned but it has this 0
ERROR:root:Packets should have a worker number assigned but it has this 0
ERROR:root:Packets should have a worker number assigned but it has this 0
ERROR:root:Packets should have a worker number assigned but it has this 0
ERROR:root:Packets should have a worker number assigned but it has this 0
ERROR:root:Packets should have a worker number assigned but it has this 0
ERROR:root:Packets should have a worker number assigned but it has this 0
ERROR:root:Packets should have a worker number assigned but it has this 0
ERROR:root:Packets should have a worker number assigned but it has this 0
ERROR:root:Packets should have a worker number assigned but it has this 0
ERROR:root:Packets should have a worker number assigned but it has this 0
ERROR:root:Packets should have a worker number assigned but it has this 0
ERROR:root:Packets should have a worker number assigned but it has this 0
ERROR:root:Packets should have a worker number assigned but it has this 0
ERROR:root:Packets should have a worker number assigned but it has this 0
ERROR:root:Packets should have a worker number assigned but it has this 0
ERROR:root:Packets should have a worker number assigned but it has this 0
ERROR:root:Packets should have a worker number assigned but it has this 0
ERROR:root:Packets should have a worker number assigned but it has this 0
ERROR:root:Packets should have a worker number assigned but it has this 0
ERROR:root:Packets should have a worker number assigned but it has this 0
ERROR:root:Packets should have a worker number assigned but it has this 0
ERROR:root:Packets should have a worker number assigned but it has this 0
ERROR:root:Packets should have a worker number assigned but it has this 0
ERROR:root:Packets should have a worker number assigned but it has this 0
ERROR:root:Packets should have a worker number assigned but it has this 0
ERROR:root:Packets should have a worker number assigned but it has this 0
ERROR:root:Packets should have a worker number assigned but it has this 0
ERROR:root:Packets should have a worker number assigned but it has this 0
ERROR:root:Packets should have a worker number assigned but it has this 0
ERROR:root:Packets should have a worker number assigned but it has this 0
ERROR:root:Packets should have a worker number assigned but it has this 0
ERROR:root:Packets should have a worker number assigned but it has this 0
ERROR:root:Packets should have a worker number assigned but it has this 0
ERROR:root:Packets should have a worker number assigned but it has this 0
ERROR:root:Packets should have a worker number assigned but it has this 0
ERROR:root:Packets should have a worker number assigned but it has this 0
ERROR:root:Packets should have a worker number assigned but it has this 0
ERROR:root:Packets should have a worker number assigned but it has this 0
ERROR:root:Packets should have a worker number assigned but it has this 0
ERROR:root:Packets should have a worker number assigned but it has this 0
ERROR:root:Packets should have a worker number assigned but it has this 0
ERROR:root:Packets should have a worker number assigned but it has this 0
ERROR:root:Packets should have a worker number assigned but it has this 0
ERROR:root:Packets should have a worker number assigned but it has this 0
ERROR:root:Packets should have a worker number assigned but it has this 0
ERROR:root:Packets should have a worker number assigned but it has this 0
ERROR:root:Packets should have a worker number assigned but it has this 0
ERROR:root:Packets should have a worker number assigned but it has this 0
ERROR:root:Packets should have a worker number assigned but it has this 0
ERROR:root:Packets should have a worker number assigned but it has this 0
ERROR:root:Packets should have a worker number assigned but it has this 0
ERROR:root:Packets should have a worker number assigned but it has this 0
ERROR:root:Packets should have a worker number assigned but it has this 0
ERROR:root:Packets should have a worker number assigned but it has this 0
ERROR:root:Packets should have a worker number assigned but it has this 0
ERROR:root:Packets should have a worker number assigned but it has this 0
ERROR:root:Packets should have a worker number assigned but it has this 0
ERROR:root:Packets should have a worker number assigned but it has this 0
ERROR:root:Packets should have a worker number assigned but it has this 0
ERROR:root:Packets should have a worker number assigned but it has this 0
ERROR:root:Packets should have a worker number assigned but it has this 0
ERROR:root:Packets should have a worker number assigned but it has this 0
ERROR:root:Packets should have a worker number assigned but it has this 0
ERROR:root:Packets should have a worker number assigned but it has this 0
ERROR:root:Packets should have a worker number assigned but it has this 0
ERROR:root:Packets should have a worker number assigned but it has this 0
ERROR:root:Packets should have a worker number assigned but it has this 0
ERROR:root:Packets should have a worker number assigned but it has this 0
ERROR:root:Packets should have a worker number assigned but it has this 0
ERROR:root:Packets should have a worker number assigned but it has this 0
ERROR:root:Packets should have a worker number assigned but it has this 0
ERROR:root:Packets should have a worker number assigned but it has this 0
ERROR:root:Packets should have a worker number assigned but it has this 0
ERROR:root:Packets should have a worker number assigned but it has this 0
ERROR:root:Packets should have a worker number assigned but it has this 0
ERROR:root:Packets should have a worker number assigned but it has this 0
ERROR:root:Packets should have a worker number assigned but it has this 0
ERROR:root:Packets should have a worker number assigned but it has this 0
ERROR:root:Packets should have a worker number assigned but it has this 0
ERROR:root:Packets should have a worker number assigned but it has this 0
ERROR:root:Packets should have a worker number assigned but it has this 0
ERROR:root:Packets should have a worker number assigned but it has this 0
ERROR:root:Packets should have a worker number assigned but it has this 0
ERROR:root:Packet 65 should have a worker number assigned but it has this 0
ERROR:root:Packet 2 should have a worker number assigned but it has this 0
ERROR:root:Packet 74 should have a worker number assigned but it has this 0
ERROR:root:Packet 90 should have a worker number assigned but it has this 0
ERROR:root:Packet 95 should have a worker number assigned but it has this 0
ERROR:root:Packet 93 should have a worker number assigned but it has this 0
ERROR:root:Packet 96 should have a worker number assigned but it has this 0
ERROR:root:Packet 38 should have a worker number assigned but it has this 0
ERROR:root:Packet 67 should have a worker number assigned but it has this 0
ERROR:root:Packet 39 should have a worker number assigned but it has this 0
ERROR:root:Packet 46 should have a worker number assigned but it has this 0
ERROR:root:Packet 78 should have a worker number assigned but it has this 0
ERROR:root:Packet 91 should have a worker number assigned but it has this 0
ERROR:root:Packet 19 should have a worker number assigned but it has this 0
ERROR:root:Packet 14 should have a worker number assigned but it has this 0
ERROR:root:Packet 12 should have a worker number assigned but it has this 0
ERROR:root:Packet 45 should have a worker number assigned but it has this 0
ERROR:root:Packet 47 should have a worker number assigned but it has this 0
ERROR:root:Packet 77 should have a worker number assigned but it has this 0
ERROR:root:Packet 86 should have a worker number assigned but it has this 0
ERROR:root:Packet 54 should have a worker number assigned but it has this 0
ERROR:root:Packet 13 should have a worker number assigned but it has this 0
ERROR:root:Packet 48 should have a worker number assigned but it has this 0
ERROR:root:Packet 94 should have a worker number assigned but it has this 0
ERROR:root:Packet 18 should have a worker number assigned but it has this 0
ERROR:root:Packet 8 should have a worker number assigned but it has this 0
ERROR:root:Packet 28 should have a worker number assigned but it has this 0
ERROR:root:Packet 5 should have a worker number assigned but it has this 0
ERROR:root:Packet 68 should have a worker number assigned but it has this 0
ERROR:root:Packet 3 should have a worker number assigned but it has this 0
ERROR:root:Packet 80 should have a worker number assigned but it has this 0
ERROR:root:Packet 9 should have a worker number assigned but it has this 0
ERROR:root:Packet 49 should have a worker number assigned but it has this 0
ERROR:root:Packet 63 should have a worker number assigned but it has this 0
ERROR:root:Packet 6 should have a worker number assigned but it has this 0
ERROR:root:Packet 4 should have a worker number assigned but it has this 0
ERROR:root:Packet 98 should have a worker number assigned but it has this 0
ERROR:root:Packet 32 should have a worker number assigned but it has this 0
ERROR:root:Packet 62 should have a worker number assigned but it has this 0
ERROR:root:Packet 50 should have a worker number assigned but it has this 0
ERROR:root:Packet 83 should have a worker number assigned but it has this 0
ERROR:root:Packet 20 should have a worker number assigned but it has this 0
ERROR:root:Packet 25 should have a worker number assigned but it has this 0
ERROR:root:Packet 21 should have a worker number assigned but it has this 0
ERROR:root:Packet 69 should have a worker number assigned but it has this 0
ERROR:root:Packet 29 should have a worker number assigned but it has this 0
ERROR:root:Packet 55 should have a worker number assigned but it has this 0
ERROR:root:Packet 71 should have a worker number assigned but it has this 0
ERROR:root:Packet 7 should have a worker number assigned but it has this 0
ERROR:root:Packet 24 should have a worker number assigned but it has this 0
ERROR:root:Packet 72 should have a worker number assigned but it has this 0
ERROR:root:Packet 31 should have a worker number assigned but it has this 0
ERROR:root:Packet 84 should have a worker number assigned but it has this 0
ERROR:root:Packet 11 should have a worker number assigned but it has this 0
ERROR:root:Packet 75 should have a worker number assigned but it has this 0
ERROR:root:Packet 22 should have a worker number assigned but it has this 0
ERROR:root:Packet 15 should have a worker number assigned but it has this 0
ERROR:root:Packet 26 should have a worker number assigned but it has this 0
ERROR:root:Packet 70 should have a worker number assigned but it has this 0
ERROR:root:Packet 52 should have a worker number assigned but it has this 0
ERROR:root:Packet 30 should have a worker number assigned but it has this 0
ERROR:root:Packet 23 should have a worker number assigned but it has this 0
ERROR:root:Packet 81 should have a worker number assigned but it has this 0
ERROR:root:Packet 97 should have a worker number assigned but it has this 0
ERROR:root:Packet 33 should have a worker number assigned but it has this 0
ERROR:root:Packet 1 should have a worker number assigned but it has this 0
ERROR:root:Packet 64 should have a worker number assigned but it has this 0
ERROR:root:Packet 73 should have a worker number assigned but it has this 0
ERROR:root:Packet 85 should have a worker number assigned but it has this 0
ERROR:root:Packet 16 should have a worker number assigned but it has this 0
INFO:root:It took 8.381587743759155 seconds to check for cloaked tracking
INFO:root:Done checking for tracking
INFO:root:Filtering final results
INFO:root:Done! That took a total of 23.626975059509277
